22-Feb-2023 18:38:30.507 INFO [main] org.apache.catalina.startup.VersionLoggerListener.log Server version name:   Apache Tomcat/10.1.5
22-Feb-2023 18:38:30.514 INFO [main] org.apache.catalina.startup.VersionLoggerListener.log Server built:          Jan 9 2023 19:52:50 UTC
22-Feb-2023 18:38:30.514 INFO [main] org.apache.catalina.startup.VersionLoggerListener.log Server version number: 10.1.5.0
22-Feb-2023 18:38:30.515 INFO [main] org.apache.catalina.startup.VersionLoggerListener.log OS Name:               Windows 10
22-Feb-2023 18:38:30.515 INFO [main] org.apache.catalina.startup.VersionLoggerListener.log OS Version:            10.0
22-Feb-2023 18:38:30.515 INFO [main] org.apache.catalina.startup.VersionLoggerListener.log Architecture:          amd64
22-Feb-2023 18:38:30.515 INFO [main] org.apache.catalina.startup.VersionLoggerListener.log Java Home:             C:\Program Files\Java\jdk-16.0.2
22-Feb-2023 18:38:30.515 INFO [main] org.apache.catalina.startup.VersionLoggerListener.log JVM Version:           16.0.2+7-67
22-Feb-2023 18:38:30.516 INFO [main] org.apache.catalina.startup.VersionLoggerListener.log JVM Vendor:            Oracle Corporation
22-Feb-2023 18:38:30.516 INFO [main] org.apache.catalina.startup.VersionLoggerListener.log CATALINA_BASE:         C:\Repositorio_crud_support\apache-tomcat-10.1.5-prod
22-Feb-2023 18:38:30.516 INFO [main] org.apache.catalina.startup.VersionLoggerListener.log CATALINA_HOME:         C:\Repositorio_crud_support\apache-tomcat-10.1.5-prod
22-Feb-2023 18:38:30.539 INFO [main] org.apache.catalina.startup.VersionLoggerListener.log Command line argument: -Djava.util.logging.config.file=C:\Repositorio_crud_support\apache-tomcat-10.1.5-prod\conf\logging.properties
22-Feb-2023 18:38:30.540 INFO [main] org.apache.catalina.startup.VersionLoggerListener.log Command line argument: -Djava.util.logging.manager=org.apache.juli.ClassLoaderLogManager
22-Feb-2023 18:38:30.540 INFO [main] org.apache.catalina.startup.VersionLoggerListener.log Command line argument: -Djdk.tls.ephemeralDHKeySize=2048
22-Feb-2023 18:38:30.540 INFO [main] org.apache.catalina.startup.VersionLoggerListener.log Command line argument: -Djava.protocol.handler.pkgs=org.apache.catalina.webresources
22-Feb-2023 18:38:30.540 INFO [main] org.apache.catalina.startup.VersionLoggerListener.log Command line argument: --add-opens=java.base/java.lang=ALL-UNNAMED
22-Feb-2023 18:38:30.540 INFO [main] org.apache.catalina.startup.VersionLoggerListener.log Command line argument: --add-opens=java.base/java.io=ALL-UNNAMED
22-Feb-2023 18:38:30.541 INFO [main] org.apache.catalina.startup.VersionLoggerListener.log Command line argument: --add-opens=java.base/java.util=ALL-UNNAMED
22-Feb-2023 18:38:30.541 INFO [main] org.apache.catalina.startup.VersionLoggerListener.log Command line argument: --add-opens=java.base/java.util.concurrent=ALL-UNNAMED
22-Feb-2023 18:38:30.541 INFO [main] org.apache.catalina.startup.VersionLoggerListener.log Command line argument: --add-opens=java.rmi/sun.rmi.transport=ALL-UNNAMED
22-Feb-2023 18:38:30.541 INFO [main] org.apache.catalina.startup.VersionLoggerListener.log Command line argument: -Dcatalina.base=C:\Repositorio_crud_support\apache-tomcat-10.1.5-prod
22-Feb-2023 18:38:30.543 INFO [main] org.apache.catalina.startup.VersionLoggerListener.log Command line argument: -Dcatalina.home=C:\Repositorio_crud_support\apache-tomcat-10.1.5-prod
22-Feb-2023 18:38:30.543 INFO [main] org.apache.catalina.startup.VersionLoggerListener.log Command line argument: -Djava.io.tmpdir=C:\Repositorio_crud_support\apache-tomcat-10.1.5-prod\temp
22-Feb-2023 18:38:30.552 INFO [main] org.apache.catalina.core.AprLifecycleListener.lifecycleEvent The Apache Tomcat Native library which allows using OpenSSL was not found on the java.library.path: [C:\Program Files\Java\jdk-16.0.2\bin;C:\Windows\Sun\Java\bin;C:\Windows\system32;C:\Windows;C:\Python311\Scripts\;C:\Python311\;C:\Program Files (x86)\Common Files\Oracle\Java\javapath;C:\Program Files\Common Files\Oracle\Java\javapath;C:\Windows\system32;C:\Windows;C:\Windows\System32\Wbem;C:\Windows\System32\WindowsPowerShell\v1.0\;C:\Windows\System32\OpenSSH\;C:\Program Files\NVIDIA Corporation\NVIDIA NvDLISR;D:\dart_flutter\dart-sdk\bin;D:\dart_flutter\flutter\bin;C:\Program Files\Android\Android Studio\jre\bin;C:\Program Files\Android\Android Studio\jre;C:\Program Files\nodejs\;C:\ProgramData\chocolatey\bin;C:\Program Files\Git\cmd;C:\Program Files\MySQL\MySQL Shell 8.0\bin\;C:\Users\thiag\AppData\Local\Microsoft\WindowsApps;C:\Users\thiag\AppData\Local\Programs\Microsoft VS Code\bin;C:\Program Files\Java\jdk-16.0.2\bin;C:\Users\thiag\AppData\Roaming\npm;C:\Program Files\JetBrains\IntelliJ IDEA Community Edition 2022.3.2\bin;;.]
22-Feb-2023 18:38:30.848 INFO [main] org.apache.coyote.AbstractProtocol.init Initializing ProtocolHandler ["http-nio-8080"]
22-Feb-2023 18:38:30.868 SEVERE [main] org.apache.catalina.util.LifecycleBase.handleSubClassException Failed to initialize component [Connector[HTTP/1.1-8080]]
	org.apache.catalina.LifecycleException: Protocol handler initialization failed
		at org.apache.catalina.connector.Connector.initInternal(Connector.java:1058)
		at org.apache.catalina.util.LifecycleBase.init(LifecycleBase.java:136)
		at org.apache.catalina.core.StandardService.initInternal(StandardService.java:554)
		at org.apache.catalina.util.LifecycleBase.init(LifecycleBase.java:136)
		at org.apache.catalina.core.StandardServer.initInternal(StandardServer.java:1015)
		at org.apache.catalina.util.LifecycleBase.init(LifecycleBase.java:136)
		at org.apache.catalina.startup.Catalina.load(Catalina.java:747)
		at org.apache.catalina.startup.Catalina.load(Catalina.java:769)
		at java.base/jdk.internal.reflect.NativeMethodAccessorImpl.invoke0(Native Method)
		at java.base/jdk.internal.reflect.NativeMethodAccessorImpl.invoke(NativeMethodAccessorImpl.java:78)
		at java.base/jdk.internal.reflect.DelegatingMethodAccessorImpl.invoke(DelegatingMethodAccessorImpl.java:43)
		at java.base/java.lang.reflect.Method.invoke(Method.java:567)
		at org.apache.catalina.startup.Bootstrap.load(Bootstrap.java:307)
		at org.apache.catalina.startup.Bootstrap.main(Bootstrap.java:477)
	Caused by: java.net.BindException: Address already in use: bind
		at java.base/sun.nio.ch.Net.bind0(Native Method)
		at java.base/sun.nio.ch.Net.bind(Net.java:552)
		at java.base/sun.nio.ch.ServerSocketChannelImpl.netBind(ServerSocketChannelImpl.java:336)
		at java.base/sun.nio.ch.ServerSocketChannelImpl.bind(ServerSocketChannelImpl.java:294)
		at org.apache.tomcat.util.net.NioEndpoint.initServerSocket(NioEndpoint.java:246)
		at org.apache.tomcat.util.net.NioEndpoint.bind(NioEndpoint.java:201)
		at org.apache.tomcat.util.net.AbstractEndpoint.bindWithCleanup(AbstractEndpoint.java:1172)
		at org.apache.tomcat.util.net.AbstractEndpoint.init(AbstractEndpoint.java:1185)
		at org.apache.coyote.AbstractProtocol.init(AbstractProtocol.java:575)
		at org.apache.coyote.http11.AbstractHttp11Protocol.init(AbstractHttp11Protocol.java:78)
		at org.apache.catalina.connector.Connector.initInternal(Connector.java:1055)
		... 13 more
22-Feb-2023 18:38:30.870 INFO [main] org.apache.catalina.startup.Catalina.load Server initialization in [598] milliseconds
22-Feb-2023 18:38:30.929 INFO [main] org.apache.catalina.core.StandardService.startInternal Starting service [Catalina]
22-Feb-2023 18:38:30.929 INFO [main] org.apache.catalina.core.StandardEngine.startInternal Starting Servlet engine: [Apache Tomcat/10.1.5]
22-Feb-2023 18:38:31.084 INFO [main] org.apache.catalina.startup.HostConfig.deployWAR Deploying web application archive [C:\Repositorio_crud_support\apache-tomcat-10.1.5-prod\webapps\crudsupport.war]
22-Feb-2023 18:38:31.943 INFO [main] org.apache.jasper.servlet.TldScanner.scanJars At least one JAR was scanned for TLDs yet contained no TLDs. Enable debug logging for this logger for a complete list of JARs that were scanned but no TLDs were found in them. Skipping unneeded JARs during scanning can improve startup time and JSP compilation time.
22-Feb-2023 18:38:32.024 INFO [main] org.apache.catalina.startup.HostConfig.deployWAR Deployment of web application archive [C:\Repositorio_crud_support\apache-tomcat-10.1.5-prod\webapps\crudsupport.war] has finished in [935] ms
22-Feb-2023 18:38:32.025 INFO [main] org.apache.catalina.startup.HostConfig.deployDirectory Diretório de instalação da aplicação web [C:\Repositorio_crud_support\apache-tomcat-10.1.5-prod\webapps\docs]
22-Feb-2023 18:38:32.432 INFO [main] org.apache.jasper.servlet.TldScanner.scanJars At least one JAR was scanned for TLDs yet contained no TLDs. Enable debug logging for this logger for a complete list of JARs that were scanned but no TLDs were found in them. Skipping unneeded JARs during scanning can improve startup time and JSP compilation time.
22-Feb-2023 18:38:32.435 INFO [main] org.apache.catalina.startup.HostConfig.deployDirectory Deployment of web application directory [C:\Repositorio_crud_support\apache-tomcat-10.1.5-prod\webapps\docs] has finished in [410] ms
22-Feb-2023 18:38:32.435 INFO [main] org.apache.catalina.startup.HostConfig.deployDirectory Diretório de instalação da aplicação web [C:\Repositorio_crud_support\apache-tomcat-10.1.5-prod\webapps\examples]
22-Feb-2023 18:38:33.373 INFO [main] org.apache.jasper.servlet.TldScanner.scanJars At least one JAR was scanned for TLDs yet contained no TLDs. Enable debug logging for this logger for a complete list of JARs that were scanned but no TLDs were found in them. Skipping unneeded JARs during scanning can improve startup time and JSP compilation time.
22-Feb-2023 18:38:33.443 INFO [main] org.apache.catalina.startup.HostConfig.deployDirectory Deployment of web application directory [C:\Repositorio_crud_support\apache-tomcat-10.1.5-prod\webapps\examples] has finished in [1.008] ms
22-Feb-2023 18:38:33.444 INFO [main] org.apache.catalina.startup.HostConfig.deployDirectory Diretório de instalação da aplicação web [C:\Repositorio_crud_support\apache-tomcat-10.1.5-prod\webapps\host-manager]
22-Feb-2023 18:38:33.968 INFO [main] org.apache.jasper.servlet.TldScanner.scanJars At least one JAR was scanned for TLDs yet contained no TLDs. Enable debug logging for this logger for a complete list of JARs that were scanned but no TLDs were found in them. Skipping unneeded JARs during scanning can improve startup time and JSP compilation time.
22-Feb-2023 18:38:33.978 INFO [main] org.apache.catalina.startup.HostConfig.deployDirectory Deployment of web application directory [C:\Repositorio_crud_support\apache-tomcat-10.1.5-prod\webapps\host-manager] has finished in [533] ms
22-Feb-2023 18:38:33.978 INFO [main] org.apache.catalina.startup.HostConfig.deployDirectory Diretório de instalação da aplicação web [C:\Repositorio_crud_support\apache-tomcat-10.1.5-prod\webapps\manager]
22-Feb-2023 18:38:34.426 INFO [main] org.apache.jasper.servlet.TldScanner.scanJars At least one JAR was scanned for TLDs yet contained no TLDs. Enable debug logging for this logger for a complete list of JARs that were scanned but no TLDs were found in them. Skipping unneeded JARs during scanning can improve startup time and JSP compilation time.
22-Feb-2023 18:38:34.432 INFO [main] org.apache.catalina.startup.HostConfig.deployDirectory Deployment of web application directory [C:\Repositorio_crud_support\apache-tomcat-10.1.5-prod\webapps\manager] has finished in [453] ms
22-Feb-2023 18:38:34.432 INFO [main] org.apache.catalina.startup.HostConfig.deployDirectory Diretório de instalação da aplicação web [C:\Repositorio_crud_support\apache-tomcat-10.1.5-prod\webapps\ROOT]
22-Feb-2023 18:38:34.813 INFO [main] org.apache.jasper.servlet.TldScanner.scanJars At least one JAR was scanned for TLDs yet contained no TLDs. Enable debug logging for this logger for a complete list of JARs that were scanned but no TLDs were found in them. Skipping unneeded JARs during scanning can improve startup time and JSP compilation time.
22-Feb-2023 18:38:34.817 INFO [main] org.apache.catalina.startup.HostConfig.deployDirectory Deployment of web application directory [C:\Repositorio_crud_support\apache-tomcat-10.1.5-prod\webapps\ROOT] has finished in [385] ms
22-Feb-2023 18:38:34.821 INFO [main] org.apache.catalina.startup.Catalina.start Server startup in [3950] milliseconds
22-Feb-2023 18:38:34.830 SEVERE [main] org.apache.catalina.core.StandardServer.await Failed to create server shutdown socket on address [localhost] and port [8005] (base port [8005] and offset [0])
	java.net.BindException: Address already in use: bind
		at java.base/sun.nio.ch.Net.bind0(Native Method)
		at java.base/sun.nio.ch.Net.bind(Net.java:552)
		at java.base/sun.nio.ch.Net.bind(Net.java:541)
		at java.base/sun.nio.ch.NioSocketImpl.bind(NioSocketImpl.java:643)
		at java.base/java.net.ServerSocket.bind(ServerSocket.java:395)
		at java.base/java.net.ServerSocket.<init>(ServerSocket.java:281)
		at org.apache.catalina.core.StandardServer.await(StandardServer.java:576)
		at org.apache.catalina.startup.Catalina.await(Catalina.java:887)
		at org.apache.catalina.startup.Catalina.start(Catalina.java:833)
		at java.base/jdk.internal.reflect.NativeMethodAccessorImpl.invoke0(Native Method)
		at java.base/jdk.internal.reflect.NativeMethodAccessorImpl.invoke(NativeMethodAccessorImpl.java:78)
		at java.base/jdk.internal.reflect.DelegatingMethodAccessorImpl.invoke(DelegatingMethodAccessorImpl.java:43)
		at java.base/java.lang.reflect.Method.invoke(Method.java:567)
		at org.apache.catalina.startup.Bootstrap.start(Bootstrap.java:347)
		at org.apache.catalina.startup.Bootstrap.main(Bootstrap.java:478)
22-Feb-2023 18:38:34.831 INFO [main] org.apache.coyote.AbstractProtocol.pause Pausing ProtocolHandler ["http-nio-8080"]
22-Feb-2023 18:38:34.831 INFO [main] org.apache.catalina.core.StandardService.stopInternal Stopping service [Catalina]
22-Feb-2023 18:38:34.859 INFO [main] org.apache.coyote.AbstractProtocol.stop Stopping ProtocolHandler ["http-nio-8080"]
22-Feb-2023 18:38:34.860 INFO [main] org.apache.coyote.AbstractProtocol.destroy Destroying ProtocolHandler ["http-nio-8080"]
22-Feb-2023 18:39:19.071 INFO [main] org.apache.catalina.startup.VersionLoggerListener.log Server version name:   Apache Tomcat/10.1.5
22-Feb-2023 18:39:19.075 INFO [main] org.apache.catalina.startup.VersionLoggerListener.log Server built:          Jan 9 2023 19:52:50 UTC
22-Feb-2023 18:39:19.075 INFO [main] org.apache.catalina.startup.VersionLoggerListener.log Server version number: 10.1.5.0
22-Feb-2023 18:39:19.075 INFO [main] org.apache.catalina.startup.VersionLoggerListener.log OS Name:               Windows 10
22-Feb-2023 18:39:19.075 INFO [main] org.apache.catalina.startup.VersionLoggerListener.log OS Version:            10.0
22-Feb-2023 18:39:19.075 INFO [main] org.apache.catalina.startup.VersionLoggerListener.log Architecture:          amd64
22-Feb-2023 18:39:19.075 INFO [main] org.apache.catalina.startup.VersionLoggerListener.log Java Home:             C:\Program Files\Java\jdk-16.0.2
22-Feb-2023 18:39:19.076 INFO [main] org.apache.catalina.startup.VersionLoggerListener.log JVM Version:           16.0.2+7-67
22-Feb-2023 18:39:19.076 INFO [main] org.apache.catalina.startup.VersionLoggerListener.log JVM Vendor:            Oracle Corporation
22-Feb-2023 18:39:19.076 INFO [main] org.apache.catalina.startup.VersionLoggerListener.log CATALINA_BASE:         C:\Repositorio_crud_support\apache-tomcat-10.1.5-prod
22-Feb-2023 18:39:19.076 INFO [main] org.apache.catalina.startup.VersionLoggerListener.log CATALINA_HOME:         C:\Repositorio_crud_support\apache-tomcat-10.1.5-prod
22-Feb-2023 18:39:19.088 INFO [main] org.apache.catalina.startup.VersionLoggerListener.log Command line argument: -Djava.util.logging.config.file=C:\Repositorio_crud_support\apache-tomcat-10.1.5-prod\conf\logging.properties
22-Feb-2023 18:39:19.088 INFO [main] org.apache.catalina.startup.VersionLoggerListener.log Command line argument: -Djava.util.logging.manager=org.apache.juli.ClassLoaderLogManager
22-Feb-2023 18:39:19.088 INFO [main] org.apache.catalina.startup.VersionLoggerListener.log Command line argument: -Djdk.tls.ephemeralDHKeySize=2048
22-Feb-2023 18:39:19.089 INFO [main] org.apache.catalina.startup.VersionLoggerListener.log Command line argument: -Djava.protocol.handler.pkgs=org.apache.catalina.webresources
22-Feb-2023 18:39:19.089 INFO [main] org.apache.catalina.startup.VersionLoggerListener.log Command line argument: --add-opens=java.base/java.lang=ALL-UNNAMED
22-Feb-2023 18:39:19.089 INFO [main] org.apache.catalina.startup.VersionLoggerListener.log Command line argument: --add-opens=java.base/java.io=ALL-UNNAMED
22-Feb-2023 18:39:19.089 INFO [main] org.apache.catalina.startup.VersionLoggerListener.log Command line argument: --add-opens=java.base/java.util=ALL-UNNAMED
22-Feb-2023 18:39:19.089 INFO [main] org.apache.catalina.startup.VersionLoggerListener.log Command line argument: --add-opens=java.base/java.util.concurrent=ALL-UNNAMED
22-Feb-2023 18:39:19.089 INFO [main] org.apache.catalina.startup.VersionLoggerListener.log Command line argument: --add-opens=java.rmi/sun.rmi.transport=ALL-UNNAMED
22-Feb-2023 18:39:19.089 INFO [main] org.apache.catalina.startup.VersionLoggerListener.log Command line argument: -Dcatalina.base=C:\Repositorio_crud_support\apache-tomcat-10.1.5-prod
22-Feb-2023 18:39:19.089 INFO [main] org.apache.catalina.startup.VersionLoggerListener.log Command line argument: -Dcatalina.home=C:\Repositorio_crud_support\apache-tomcat-10.1.5-prod
22-Feb-2023 18:39:19.090 INFO [main] org.apache.catalina.startup.VersionLoggerListener.log Command line argument: -Djava.io.tmpdir=C:\Repositorio_crud_support\apache-tomcat-10.1.5-prod\temp
22-Feb-2023 18:39:19.097 INFO [main] org.apache.catalina.core.AprLifecycleListener.lifecycleEvent The Apache Tomcat Native library which allows using OpenSSL was not found on the java.library.path: [C:\Program Files\Java\jdk-16.0.2\bin;C:\Windows\Sun\Java\bin;C:\Windows\system32;C:\Windows;C:\Python311\Scripts\;C:\Python311\;C:\Program Files (x86)\Common Files\Oracle\Java\javapath;C:\Program Files\Common Files\Oracle\Java\javapath;C:\Windows\system32;C:\Windows;C:\Windows\System32\Wbem;C:\Windows\System32\WindowsPowerShell\v1.0\;C:\Windows\System32\OpenSSH\;C:\Program Files\NVIDIA Corporation\NVIDIA NvDLISR;D:\dart_flutter\dart-sdk\bin;D:\dart_flutter\flutter\bin;C:\Program Files\Android\Android Studio\jre\bin;C:\Program Files\Android\Android Studio\jre;C:\Program Files\nodejs\;C:\ProgramData\chocolatey\bin;C:\Program Files\Git\cmd;C:\Program Files\MySQL\MySQL Shell 8.0\bin\;C:\Users\thiag\AppData\Local\Microsoft\WindowsApps;C:\Users\thiag\AppData\Local\Programs\Microsoft VS Code\bin;C:\Program Files\Java\jdk-16.0.2\bin;C:\Users\thiag\AppData\Roaming\npm;C:\Program Files\JetBrains\IntelliJ IDEA Community Edition 2022.3.2\bin;;.]
22-Feb-2023 18:39:19.355 INFO [main] org.apache.coyote.AbstractProtocol.init Initializing ProtocolHandler ["http-nio-8080"]
22-Feb-2023 18:39:19.385 INFO [main] org.apache.catalina.startup.Catalina.load Server initialization in [519] milliseconds
22-Feb-2023 18:39:19.448 INFO [main] org.apache.catalina.core.StandardService.startInternal Starting service [Catalina]
22-Feb-2023 18:39:19.448 INFO [main] org.apache.catalina.core.StandardEngine.startInternal Starting Servlet engine: [Apache Tomcat/10.1.5]
22-Feb-2023 18:39:19.478 INFO [main] org.apache.catalina.startup.HostConfig.deployWAR Deploying web application archive [C:\Repositorio_crud_support\apache-tomcat-10.1.5-prod\webapps\crudsupport.war]
22-Feb-2023 18:39:20.341 INFO [main] org.apache.jasper.servlet.TldScanner.scanJars At least one JAR was scanned for TLDs yet contained no TLDs. Enable debug logging for this logger for a complete list of JARs that were scanned but no TLDs were found in them. Skipping unneeded JARs during scanning can improve startup time and JSP compilation time.
22-Feb-2023 18:39:20.422 INFO [main] org.apache.catalina.startup.HostConfig.deployWAR Deployment of web application archive [C:\Repositorio_crud_support\apache-tomcat-10.1.5-prod\webapps\crudsupport.war] has finished in [942] ms
22-Feb-2023 18:39:20.423 INFO [main] org.apache.catalina.startup.HostConfig.deployDirectory Diretório de instalação da aplicação web [C:\Repositorio_crud_support\apache-tomcat-10.1.5-prod\webapps\docs]
22-Feb-2023 18:39:20.832 INFO [main] org.apache.jasper.servlet.TldScanner.scanJars At least one JAR was scanned for TLDs yet contained no TLDs. Enable debug logging for this logger for a complete list of JARs that were scanned but no TLDs were found in them. Skipping unneeded JARs during scanning can improve startup time and JSP compilation time.
22-Feb-2023 18:39:20.837 INFO [main] org.apache.catalina.startup.HostConfig.deployDirectory Deployment of web application directory [C:\Repositorio_crud_support\apache-tomcat-10.1.5-prod\webapps\docs] has finished in [414] ms
22-Feb-2023 18:39:20.838 INFO [main] org.apache.catalina.startup.HostConfig.deployDirectory Diretório de instalação da aplicação web [C:\Repositorio_crud_support\apache-tomcat-10.1.5-prod\webapps\examples]
22-Feb-2023 18:39:21.622 INFO [main] org.apache.jasper.servlet.TldScanner.scanJars At least one JAR was scanned for TLDs yet contained no TLDs. Enable debug logging for this logger for a complete list of JARs that were scanned but no TLDs were found in them. Skipping unneeded JARs during scanning can improve startup time and JSP compilation time.
22-Feb-2023 18:39:21.697 INFO [main] org.apache.catalina.startup.HostConfig.deployDirectory Deployment of web application directory [C:\Repositorio_crud_support\apache-tomcat-10.1.5-prod\webapps\examples] has finished in [859] ms
22-Feb-2023 18:39:21.698 INFO [main] org.apache.catalina.startup.HostConfig.deployDirectory Diretório de instalação da aplicação web [C:\Repositorio_crud_support\apache-tomcat-10.1.5-prod\webapps\host-manager]
22-Feb-2023 18:39:22.177 INFO [main] org.apache.jasper.servlet.TldScanner.scanJars At least one JAR was scanned for TLDs yet contained no TLDs. Enable debug logging for this logger for a complete list of JARs that were scanned but no TLDs were found in them. Skipping unneeded JARs during scanning can improve startup time and JSP compilation time.
22-Feb-2023 18:39:22.188 INFO [main] org.apache.catalina.startup.HostConfig.deployDirectory Deployment of web application directory [C:\Repositorio_crud_support\apache-tomcat-10.1.5-prod\webapps\host-manager] has finished in [491] ms
22-Feb-2023 18:39:22.189 INFO [main] org.apache.catalina.startup.HostConfig.deployDirectory Diretório de instalação da aplicação web [C:\Repositorio_crud_support\apache-tomcat-10.1.5-prod\webapps\manager]
22-Feb-2023 18:39:22.636 INFO [main] org.apache.jasper.servlet.TldScanner.scanJars At least one JAR was scanned for TLDs yet contained no TLDs. Enable debug logging for this logger for a complete list of JARs that were scanned but no TLDs were found in them. Skipping unneeded JARs during scanning can improve startup time and JSP compilation time.
22-Feb-2023 18:39:22.639 INFO [main] org.apache.catalina.startup.HostConfig.deployDirectory Deployment of web application directory [C:\Repositorio_crud_support\apache-tomcat-10.1.5-prod\webapps\manager] has finished in [450] ms
22-Feb-2023 18:39:22.640 INFO [main] org.apache.catalina.startup.HostConfig.deployDirectory Diretório de instalação da aplicação web [C:\Repositorio_crud_support\apache-tomcat-10.1.5-prod\webapps\ROOT]
22-Feb-2023 18:39:23.006 INFO [main] org.apache.jasper.servlet.TldScanner.scanJars At least one JAR was scanned for TLDs yet contained no TLDs. Enable debug logging for this logger for a complete list of JARs that were scanned but no TLDs were found in them. Skipping unneeded JARs during scanning can improve startup time and JSP compilation time.
22-Feb-2023 18:39:23.010 INFO [main] org.apache.catalina.startup.HostConfig.deployDirectory Deployment of web application directory [C:\Repositorio_crud_support\apache-tomcat-10.1.5-prod\webapps\ROOT] has finished in [370] ms
22-Feb-2023 18:39:23.014 INFO [main] org.apache.coyote.AbstractProtocol.start Starting ProtocolHandler ["http-nio-8080"]
22-Feb-2023 18:39:23.062 INFO [main] org.apache.catalina.startup.Catalina.start Server startup in [3676] milliseconds
22-Feb-2023 18:44:12.820 INFO [main] org.apache.catalina.startup.VersionLoggerListener.log Server version name:   Apache Tomcat/10.1.5
22-Feb-2023 18:44:12.826 INFO [main] org.apache.catalina.startup.VersionLoggerListener.log Server built:          Jan 9 2023 19:52:50 UTC
22-Feb-2023 18:44:12.826 INFO [main] org.apache.catalina.startup.VersionLoggerListener.log Server version number: 10.1.5.0
22-Feb-2023 18:44:12.827 INFO [main] org.apache.catalina.startup.VersionLoggerListener.log OS Name:               Windows 10
22-Feb-2023 18:44:12.827 INFO [main] org.apache.catalina.startup.VersionLoggerListener.log OS Version:            10.0
22-Feb-2023 18:44:12.827 INFO [main] org.apache.catalina.startup.VersionLoggerListener.log Architecture:          amd64
22-Feb-2023 18:44:12.827 INFO [main] org.apache.catalina.startup.VersionLoggerListener.log Java Home:             C:\Program Files\Java\jdk-16.0.2
22-Feb-2023 18:44:12.827 INFO [main] org.apache.catalina.startup.VersionLoggerListener.log JVM Version:           16.0.2+7-67
22-Feb-2023 18:44:12.827 INFO [main] org.apache.catalina.startup.VersionLoggerListener.log JVM Vendor:            Oracle Corporation
22-Feb-2023 18:44:12.827 INFO [main] org.apache.catalina.startup.VersionLoggerListener.log CATALINA_BASE:         C:\Repositorio_crud_support\apache-tomcat-10.1.5-prod
22-Feb-2023 18:44:12.827 INFO [main] org.apache.catalina.startup.VersionLoggerListener.log CATALINA_HOME:         C:\Repositorio_crud_support\apache-tomcat-10.1.5-prod
22-Feb-2023 18:44:12.842 INFO [main] org.apache.catalina.startup.VersionLoggerListener.log Command line argument: -Djava.util.logging.config.file=C:\Repositorio_crud_support\apache-tomcat-10.1.5-prod\conf\logging.properties
22-Feb-2023 18:44:12.842 INFO [main] org.apache.catalina.startup.VersionLoggerListener.log Command line argument: -Djava.util.logging.manager=org.apache.juli.ClassLoaderLogManager
22-Feb-2023 18:44:12.842 INFO [main] org.apache.catalina.startup.VersionLoggerListener.log Command line argument: -Djdk.tls.ephemeralDHKeySize=2048
22-Feb-2023 18:44:12.842 INFO [main] org.apache.catalina.startup.VersionLoggerListener.log Command line argument: -Djava.protocol.handler.pkgs=org.apache.catalina.webresources
22-Feb-2023 18:44:12.843 INFO [main] org.apache.catalina.startup.VersionLoggerListener.log Command line argument: --add-opens=java.base/java.lang=ALL-UNNAMED
22-Feb-2023 18:44:12.843 INFO [main] org.apache.catalina.startup.VersionLoggerListener.log Command line argument: --add-opens=java.base/java.io=ALL-UNNAMED
22-Feb-2023 18:44:12.843 INFO [main] org.apache.catalina.startup.VersionLoggerListener.log Command line argument: --add-opens=java.base/java.util=ALL-UNNAMED
22-Feb-2023 18:44:12.843 INFO [main] org.apache.catalina.startup.VersionLoggerListener.log Command line argument: --add-opens=java.base/java.util.concurrent=ALL-UNNAMED
22-Feb-2023 18:44:12.843 INFO [main] org.apache.catalina.startup.VersionLoggerListener.log Command line argument: --add-opens=java.rmi/sun.rmi.transport=ALL-UNNAMED
22-Feb-2023 18:44:12.843 INFO [main] org.apache.catalina.startup.VersionLoggerListener.log Command line argument: -Dcatalina.base=C:\Repositorio_crud_support\apache-tomcat-10.1.5-prod
22-Feb-2023 18:44:12.844 INFO [main] org.apache.catalina.startup.VersionLoggerListener.log Command line argument: -Dcatalina.home=C:\Repositorio_crud_support\apache-tomcat-10.1.5-prod
22-Feb-2023 18:44:12.844 INFO [main] org.apache.catalina.startup.VersionLoggerListener.log Command line argument: -Djava.io.tmpdir=C:\Repositorio_crud_support\apache-tomcat-10.1.5-prod\temp
22-Feb-2023 18:44:12.852 INFO [main] org.apache.catalina.core.AprLifecycleListener.lifecycleEvent The Apache Tomcat Native library which allows using OpenSSL was not found on the java.library.path: [C:\Program Files\Java\jdk-16.0.2\bin;C:\Windows\Sun\Java\bin;C:\Windows\system32;C:\Windows;C:\Python311\Scripts\;C:\Python311\;C:\Program Files (x86)\Common Files\Oracle\Java\javapath;C:\Program Files\Common Files\Oracle\Java\javapath;C:\Windows\system32;C:\Windows;C:\Windows\System32\Wbem;C:\Windows\System32\WindowsPowerShell\v1.0\;C:\Windows\System32\OpenSSH\;C:\Program Files\NVIDIA Corporation\NVIDIA NvDLISR;D:\dart_flutter\dart-sdk\bin;D:\dart_flutter\flutter\bin;C:\Program Files\Android\Android Studio\jre\bin;C:\Program Files\Android\Android Studio\jre;C:\Program Files\nodejs\;C:\ProgramData\chocolatey\bin;C:\Program Files\Git\cmd;C:\Program Files\MySQL\MySQL Shell 8.0\bin\;C:\Users\thiag\AppData\Local\Microsoft\WindowsApps;C:\Users\thiag\AppData\Local\Programs\Microsoft VS Code\bin;C:\Program Files\Java\jdk-16.0.2\bin;C:\Users\thiag\AppData\Roaming\npm;C:\Program Files\JetBrains\IntelliJ IDEA Community Edition 2022.3.2\bin;;.]
22-Feb-2023 18:44:13.119 INFO [main] org.apache.coyote.AbstractProtocol.init Initializing ProtocolHandler ["http-nio-8080"]
22-Feb-2023 18:44:13.148 INFO [main] org.apache.catalina.startup.Catalina.load Server initialization in [544] milliseconds
22-Feb-2023 18:44:13.207 INFO [main] org.apache.catalina.core.StandardService.startInternal Starting service [Catalina]
22-Feb-2023 18:44:13.208 INFO [main] org.apache.catalina.core.StandardEngine.startInternal Starting Servlet engine: [Apache Tomcat/10.1.5]
22-Feb-2023 18:44:13.232 INFO [main] org.apache.catalina.startup.HostConfig.deployWAR Deploying web application archive [C:\Repositorio_crud_support\apache-tomcat-10.1.5-prod\webapps\crudsupport.war]
22-Feb-2023 18:44:14.054 INFO [main] org.apache.jasper.servlet.TldScanner.scanJars At least one JAR was scanned for TLDs yet contained no TLDs. Enable debug logging for this logger for a complete list of JARs that were scanned but no TLDs were found in them. Skipping unneeded JARs during scanning can improve startup time and JSP compilation time.
22-Feb-2023 18:44:14.136 INFO [main] org.apache.catalina.startup.HostConfig.deployWAR Deployment of web application archive [C:\Repositorio_crud_support\apache-tomcat-10.1.5-prod\webapps\crudsupport.war] has finished in [902] ms
22-Feb-2023 18:44:14.137 INFO [main] org.apache.catalina.startup.HostConfig.deployDirectory Diretório de instalação da aplicação web [C:\Repositorio_crud_support\apache-tomcat-10.1.5-prod\webapps\docs]
22-Feb-2023 18:44:14.563 INFO [main] org.apache.jasper.servlet.TldScanner.scanJars At least one JAR was scanned for TLDs yet contained no TLDs. Enable debug logging for this logger for a complete list of JARs that were scanned but no TLDs were found in them. Skipping unneeded JARs during scanning can improve startup time and JSP compilation time.
22-Feb-2023 18:44:14.567 INFO [main] org.apache.catalina.startup.HostConfig.deployDirectory Deployment of web application directory [C:\Repositorio_crud_support\apache-tomcat-10.1.5-prod\webapps\docs] has finished in [430] ms
22-Feb-2023 18:44:14.567 INFO [main] org.apache.catalina.startup.HostConfig.deployDirectory Diretório de instalação da aplicação web [C:\Repositorio_crud_support\apache-tomcat-10.1.5-prod\webapps\examples]
22-Feb-2023 18:44:15.356 INFO [main] org.apache.jasper.servlet.TldScanner.scanJars At least one JAR was scanned for TLDs yet contained no TLDs. Enable debug logging for this logger for a complete list of JARs that were scanned but no TLDs were found in them. Skipping unneeded JARs during scanning can improve startup time and JSP compilation time.
22-Feb-2023 18:44:15.436 INFO [main] org.apache.catalina.startup.HostConfig.deployDirectory Deployment of web application directory [C:\Repositorio_crud_support\apache-tomcat-10.1.5-prod\webapps\examples] has finished in [869] ms
22-Feb-2023 18:44:15.437 INFO [main] org.apache.catalina.startup.HostConfig.deployDirectory Diretório de instalação da aplicação web [C:\Repositorio_crud_support\apache-tomcat-10.1.5-prod\webapps\host-manager]
22-Feb-2023 18:44:15.847 INFO [main] org.apache.jasper.servlet.TldScanner.scanJars At least one JAR was scanned for TLDs yet contained no TLDs. Enable debug logging for this logger for a complete list of JARs that were scanned but no TLDs were found in them. Skipping unneeded JARs during scanning can improve startup time and JSP compilation time.
22-Feb-2023 18:44:15.856 INFO [main] org.apache.catalina.startup.HostConfig.deployDirectory Deployment of web application directory [C:\Repositorio_crud_support\apache-tomcat-10.1.5-prod\webapps\host-manager] has finished in [418] ms
22-Feb-2023 18:44:15.856 INFO [main] org.apache.catalina.startup.HostConfig.deployDirectory Diretório de instalação da aplicação web [C:\Repositorio_crud_support\apache-tomcat-10.1.5-prod\webapps\manager]
22-Feb-2023 18:44:16.240 INFO [main] org.apache.jasper.servlet.TldScanner.scanJars At least one JAR was scanned for TLDs yet contained no TLDs. Enable debug logging for this logger for a complete list of JARs that were scanned but no TLDs were found in them. Skipping unneeded JARs during scanning can improve startup time and JSP compilation time.
22-Feb-2023 18:44:16.243 INFO [main] org.apache.catalina.startup.HostConfig.deployDirectory Deployment of web application directory [C:\Repositorio_crud_support\apache-tomcat-10.1.5-prod\webapps\manager] has finished in [387] ms
22-Feb-2023 18:44:16.243 INFO [main] org.apache.catalina.startup.HostConfig.deployDirectory Diretório de instalação da aplicação web [C:\Repositorio_crud_support\apache-tomcat-10.1.5-prod\webapps\ROOT]
22-Feb-2023 18:44:16.592 INFO [main] org.apache.jasper.servlet.TldScanner.scanJars At least one JAR was scanned for TLDs yet contained no TLDs. Enable debug logging for this logger for a complete list of JARs that were scanned but no TLDs were found in them. Skipping unneeded JARs during scanning can improve startup time and JSP compilation time.
22-Feb-2023 18:44:16.595 INFO [main] org.apache.catalina.startup.HostConfig.deployDirectory Deployment of web application directory [C:\Repositorio_crud_support\apache-tomcat-10.1.5-prod\webapps\ROOT] has finished in [352] ms
22-Feb-2023 18:44:16.599 INFO [main] org.apache.coyote.AbstractProtocol.start Starting ProtocolHandler ["http-nio-8080"]
22-Feb-2023 18:44:16.643 INFO [main] org.apache.catalina.startup.Catalina.start Server startup in [3495] milliseconds
22-Feb-2023 21:55:37.785 INFO [main] org.apache.catalina.startup.VersionLoggerListener.log Server version name:   Apache Tomcat/10.1.5
22-Feb-2023 21:55:37.789 INFO [main] org.apache.catalina.startup.VersionLoggerListener.log Server built:          Jan 9 2023 19:52:50 UTC
22-Feb-2023 21:55:37.789 INFO [main] org.apache.catalina.startup.VersionLoggerListener.log Server version number: 10.1.5.0
22-Feb-2023 21:55:37.789 INFO [main] org.apache.catalina.startup.VersionLoggerListener.log OS Name:               Windows 10
22-Feb-2023 21:55:37.790 INFO [main] org.apache.catalina.startup.VersionLoggerListener.log OS Version:            10.0
22-Feb-2023 21:55:37.790 INFO [main] org.apache.catalina.startup.VersionLoggerListener.log Architecture:          amd64
22-Feb-2023 21:55:37.790 INFO [main] org.apache.catalina.startup.VersionLoggerListener.log Java Home:             C:\Program Files\Java\jdk-16.0.2
22-Feb-2023 21:55:37.790 INFO [main] org.apache.catalina.startup.VersionLoggerListener.log JVM Version:           16.0.2+7-67
22-Feb-2023 21:55:37.790 INFO [main] org.apache.catalina.startup.VersionLoggerListener.log JVM Vendor:            Oracle Corporation
22-Feb-2023 21:55:37.790 INFO [main] org.apache.catalina.startup.VersionLoggerListener.log CATALINA_BASE:         C:\Repositorio_crud_support\apache-tomcat-10.1.5-prod
22-Feb-2023 21:55:37.791 INFO [main] org.apache.catalina.startup.VersionLoggerListener.log CATALINA_HOME:         C:\Repositorio_crud_support\apache-tomcat-10.1.5-prod
22-Feb-2023 21:55:37.804 INFO [main] org.apache.catalina.startup.VersionLoggerListener.log Command line argument: -Djava.util.logging.config.file=C:\Repositorio_crud_support\apache-tomcat-10.1.5-prod\conf\logging.properties
22-Feb-2023 21:55:37.804 INFO [main] org.apache.catalina.startup.VersionLoggerListener.log Command line argument: -Djava.util.logging.manager=org.apache.juli.ClassLoaderLogManager
22-Feb-2023 21:55:37.804 INFO [main] org.apache.catalina.startup.VersionLoggerListener.log Command line argument: -Djdk.tls.ephemeralDHKeySize=2048
22-Feb-2023 21:55:37.804 INFO [main] org.apache.catalina.startup.VersionLoggerListener.log Command line argument: -Djava.protocol.handler.pkgs=org.apache.catalina.webresources
22-Feb-2023 21:55:37.804 INFO [main] org.apache.catalina.startup.VersionLoggerListener.log Command line argument: --add-opens=java.base/java.lang=ALL-UNNAMED
22-Feb-2023 21:55:37.805 INFO [main] org.apache.catalina.startup.VersionLoggerListener.log Command line argument: --add-opens=java.base/java.io=ALL-UNNAMED
22-Feb-2023 21:55:37.805 INFO [main] org.apache.catalina.startup.VersionLoggerListener.log Command line argument: --add-opens=java.base/java.util=ALL-UNNAMED
22-Feb-2023 21:55:37.805 INFO [main] org.apache.catalina.startup.VersionLoggerListener.log Command line argument: --add-opens=java.base/java.util.concurrent=ALL-UNNAMED
22-Feb-2023 21:55:37.805 INFO [main] org.apache.catalina.startup.VersionLoggerListener.log Command line argument: --add-opens=java.rmi/sun.rmi.transport=ALL-UNNAMED
22-Feb-2023 21:55:37.805 INFO [main] org.apache.catalina.startup.VersionLoggerListener.log Command line argument: -Dcatalina.base=C:\Repositorio_crud_support\apache-tomcat-10.1.5-prod
22-Feb-2023 21:55:37.806 INFO [main] org.apache.catalina.startup.VersionLoggerListener.log Command line argument: -Dcatalina.home=C:\Repositorio_crud_support\apache-tomcat-10.1.5-prod
22-Feb-2023 21:55:37.806 INFO [main] org.apache.catalina.startup.VersionLoggerListener.log Command line argument: -Djava.io.tmpdir=C:\Repositorio_crud_support\apache-tomcat-10.1.5-prod\temp
22-Feb-2023 21:55:37.813 INFO [main] org.apache.catalina.core.AprLifecycleListener.lifecycleEvent The Apache Tomcat Native library which allows using OpenSSL was not found on the java.library.path: [C:\Program Files\Java\jdk-16.0.2\bin;C:\Windows\Sun\Java\bin;C:\Windows\system32;C:\Windows;C:\Python311\Scripts\;C:\Python311\;C:\Program Files (x86)\Common Files\Oracle\Java\javapath;C:\Program Files\Common Files\Oracle\Java\javapath;C:\Windows\system32;C:\Windows;C:\Windows\System32\Wbem;C:\Windows\System32\WindowsPowerShell\v1.0\;C:\Windows\System32\OpenSSH\;C:\Program Files\NVIDIA Corporation\NVIDIA NvDLISR;D:\dart_flutter\dart-sdk\bin;D:\dart_flutter\flutter\bin;C:\Program Files\Android\Android Studio\jre\bin;C:\Program Files\Android\Android Studio\jre;C:\Program Files\nodejs\;C:\ProgramData\chocolatey\bin;C:\Program Files\Git\cmd;C:\Program Files\MySQL\MySQL Shell 8.0\bin\;C:\Users\thiag\AppData\Local\Microsoft\WindowsApps;C:\Users\thiag\AppData\Local\Programs\Microsoft VS Code\bin;C:\Program Files\Java\jdk-16.0.2\bin;C:\Users\thiag\AppData\Roaming\npm;C:\Program Files\JetBrains\IntelliJ IDEA Community Edition 2022.3.2\bin;;.]
22-Feb-2023 21:55:38.064 INFO [main] org.apache.coyote.AbstractProtocol.init Initializing ProtocolHandler ["http-nio-8080"]
22-Feb-2023 21:55:38.090 INFO [main] org.apache.catalina.startup.Catalina.load Server initialization in [516] milliseconds
22-Feb-2023 21:55:38.146 INFO [main] org.apache.catalina.core.StandardService.startInternal Starting service [Catalina]
22-Feb-2023 21:55:38.146 INFO [main] org.apache.catalina.core.StandardEngine.startInternal Starting Servlet engine: [Apache Tomcat/10.1.5]
22-Feb-2023 21:55:38.172 INFO [main] org.apache.catalina.startup.HostConfig.deployWAR Deploying web application archive [C:\Repositorio_crud_support\apache-tomcat-10.1.5-prod\webapps\crudsupport.war]
22-Feb-2023 21:55:38.949 INFO [main] org.apache.jasper.servlet.TldScanner.scanJars At least one JAR was scanned for TLDs yet contained no TLDs. Enable debug logging for this logger for a complete list of JARs that were scanned but no TLDs were found in them. Skipping unneeded JARs during scanning can improve startup time and JSP compilation time.
22-Feb-2023 21:55:39.031 INFO [main] org.apache.catalina.startup.HostConfig.deployWAR Deployment of web application archive [C:\Repositorio_crud_support\apache-tomcat-10.1.5-prod\webapps\crudsupport.war] has finished in [857] ms
22-Feb-2023 21:55:39.032 INFO [main] org.apache.catalina.startup.HostConfig.deployDirectory Diretório de instalação da aplicação web [C:\Repositorio_crud_support\apache-tomcat-10.1.5-prod\webapps\docs]
22-Feb-2023 21:55:39.435 INFO [main] org.apache.jasper.servlet.TldScanner.scanJars At least one JAR was scanned for TLDs yet contained no TLDs. Enable debug logging for this logger for a complete list of JARs that were scanned but no TLDs were found in them. Skipping unneeded JARs during scanning can improve startup time and JSP compilation time.
22-Feb-2023 21:55:39.439 INFO [main] org.apache.catalina.startup.HostConfig.deployDirectory Deployment of web application directory [C:\Repositorio_crud_support\apache-tomcat-10.1.5-prod\webapps\docs] has finished in [406] ms
22-Feb-2023 21:55:39.439 INFO [main] org.apache.catalina.startup.HostConfig.deployDirectory Diretório de instalação da aplicação web [C:\Repositorio_crud_support\apache-tomcat-10.1.5-prod\webapps\examples]
22-Feb-2023 21:55:40.172 INFO [main] org.apache.jasper.servlet.TldScanner.scanJars At least one JAR was scanned for TLDs yet contained no TLDs. Enable debug logging for this logger for a complete list of JARs that were scanned but no TLDs were found in them. Skipping unneeded JARs during scanning can improve startup time and JSP compilation time.
22-Feb-2023 21:55:40.241 INFO [main] org.apache.catalina.startup.HostConfig.deployDirectory Deployment of web application directory [C:\Repositorio_crud_support\apache-tomcat-10.1.5-prod\webapps\examples] has finished in [802] ms
22-Feb-2023 21:55:40.242 INFO [main] org.apache.catalina.startup.HostConfig.deployDirectory Diretório de instalação da aplicação web [C:\Repositorio_crud_support\apache-tomcat-10.1.5-prod\webapps\host-manager]
22-Feb-2023 21:55:40.682 INFO [main] org.apache.jasper.servlet.TldScanner.scanJars At least one JAR was scanned for TLDs yet contained no TLDs. Enable debug logging for this logger for a complete list of JARs that were scanned but no TLDs were found in them. Skipping unneeded JARs during scanning can improve startup time and JSP compilation time.
22-Feb-2023 21:55:40.692 INFO [main] org.apache.catalina.startup.HostConfig.deployDirectory Deployment of web application directory [C:\Repositorio_crud_support\apache-tomcat-10.1.5-prod\webapps\host-manager] has finished in [449] ms
22-Feb-2023 21:55:40.692 INFO [main] org.apache.catalina.startup.HostConfig.deployDirectory Diretório de instalação da aplicação web [C:\Repositorio_crud_support\apache-tomcat-10.1.5-prod\webapps\manager]
22-Feb-2023 21:55:41.118 INFO [main] org.apache.jasper.servlet.TldScanner.scanJars At least one JAR was scanned for TLDs yet contained no TLDs. Enable debug logging for this logger for a complete list of JARs that were scanned but no TLDs were found in them. Skipping unneeded JARs during scanning can improve startup time and JSP compilation time.
22-Feb-2023 21:55:41.124 INFO [main] org.apache.catalina.startup.HostConfig.deployDirectory Deployment of web application directory [C:\Repositorio_crud_support\apache-tomcat-10.1.5-prod\webapps\manager] has finished in [432] ms
22-Feb-2023 21:55:41.124 INFO [main] org.apache.catalina.startup.HostConfig.deployDirectory Diretório de instalação da aplicação web [C:\Repositorio_crud_support\apache-tomcat-10.1.5-prod\webapps\ROOT]
22-Feb-2023 21:55:41.484 INFO [main] org.apache.jasper.servlet.TldScanner.scanJars At least one JAR was scanned for TLDs yet contained no TLDs. Enable debug logging for this logger for a complete list of JARs that were scanned but no TLDs were found in them. Skipping unneeded JARs during scanning can improve startup time and JSP compilation time.
22-Feb-2023 21:55:41.487 INFO [main] org.apache.catalina.startup.HostConfig.deployDirectory Deployment of web application directory [C:\Repositorio_crud_support\apache-tomcat-10.1.5-prod\webapps\ROOT] has finished in [363] ms
22-Feb-2023 21:55:41.491 INFO [main] org.apache.coyote.AbstractProtocol.start Starting ProtocolHandler ["http-nio-8080"]
22-Feb-2023 21:55:41.532 INFO [main] org.apache.catalina.startup.Catalina.start Server startup in [3441] milliseconds
22-Feb-2023 21:56:17.660 INFO [main] org.apache.catalina.startup.VersionLoggerListener.log Server version name:   Apache Tomcat/10.1.5
22-Feb-2023 21:56:17.665 INFO [main] org.apache.catalina.startup.VersionLoggerListener.log Server built:          Jan 9 2023 19:52:50 UTC
22-Feb-2023 21:56:17.665 INFO [main] org.apache.catalina.startup.VersionLoggerListener.log Server version number: 10.1.5.0
22-Feb-2023 21:56:17.665 INFO [main] org.apache.catalina.startup.VersionLoggerListener.log OS Name:               Windows 11
22-Feb-2023 21:56:17.665 INFO [main] org.apache.catalina.startup.VersionLoggerListener.log OS Version:            10.0
22-Feb-2023 21:56:17.665 INFO [main] org.apache.catalina.startup.VersionLoggerListener.log Architecture:          amd64
22-Feb-2023 21:56:17.666 INFO [main] org.apache.catalina.startup.VersionLoggerListener.log Java Home:             C:\Program Files\Java\jdk-19
22-Feb-2023 21:56:17.666 INFO [main] org.apache.catalina.startup.VersionLoggerListener.log JVM Version:           19.0.2+7-44
22-Feb-2023 21:56:17.666 INFO [main] org.apache.catalina.startup.VersionLoggerListener.log JVM Vendor:            Oracle Corporation
22-Feb-2023 21:56:17.666 INFO [main] org.apache.catalina.startup.VersionLoggerListener.log CATALINA_BASE:         C:\Repositorio_crud_support\apache-tomcat-10.1.5-prod
22-Feb-2023 21:56:17.666 INFO [main] org.apache.catalina.startup.VersionLoggerListener.log CATALINA_HOME:         C:\Repositorio_crud_support\apache-tomcat-10.1.5-prod
22-Feb-2023 21:56:17.678 INFO [main] org.apache.catalina.startup.VersionLoggerListener.log Command line argument: -Djava.util.logging.config.file=C:\Repositorio_crud_support\apache-tomcat-10.1.5-prod\conf\logging.properties
22-Feb-2023 21:56:17.678 INFO [main] org.apache.catalina.startup.VersionLoggerListener.log Command line argument: -Djava.util.logging.manager=org.apache.juli.ClassLoaderLogManager
22-Feb-2023 21:56:17.678 INFO [main] org.apache.catalina.startup.VersionLoggerListener.log Command line argument: -Djdk.tls.ephemeralDHKeySize=2048
22-Feb-2023 21:56:17.679 INFO [main] org.apache.catalina.startup.VersionLoggerListener.log Command line argument: -Djava.protocol.handler.pkgs=org.apache.catalina.webresources
22-Feb-2023 21:56:17.679 INFO [main] org.apache.catalina.startup.VersionLoggerListener.log Command line argument: --add-opens=java.base/java.lang=ALL-UNNAMED
22-Feb-2023 21:56:17.679 INFO [main] org.apache.catalina.startup.VersionLoggerListener.log Command line argument: --add-opens=java.base/java.io=ALL-UNNAMED
22-Feb-2023 21:56:17.679 INFO [main] org.apache.catalina.startup.VersionLoggerListener.log Command line argument: --add-opens=java.base/java.util=ALL-UNNAMED
22-Feb-2023 21:56:17.679 INFO [main] org.apache.catalina.startup.VersionLoggerListener.log Command line argument: --add-opens=java.base/java.util.concurrent=ALL-UNNAMED
22-Feb-2023 21:56:17.680 INFO [main] org.apache.catalina.startup.VersionLoggerListener.log Command line argument: --add-opens=java.rmi/sun.rmi.transport=ALL-UNNAMED
22-Feb-2023 21:56:17.680 INFO [main] org.apache.catalina.startup.VersionLoggerListener.log Command line argument: -Dcatalina.base=C:\Repositorio_crud_support\apache-tomcat-10.1.5-prod
22-Feb-2023 21:56:17.680 INFO [main] org.apache.catalina.startup.VersionLoggerListener.log Command line argument: -Dcatalina.home=C:\Repositorio_crud_support\apache-tomcat-10.1.5-prod
22-Feb-2023 21:56:17.681 INFO [main] org.apache.catalina.startup.VersionLoggerListener.log Command line argument: -Djava.io.tmpdir=C:\Repositorio_crud_support\apache-tomcat-10.1.5-prod\temp
22-Feb-2023 21:56:17.689 INFO [main] org.apache.catalina.core.AprLifecycleListener.lifecycleEvent The Apache Tomcat Native library which allows using OpenSSL was not found on the java.library.path: [C:\Program Files\Java\jdk-19\bin;C:\Windows\Sun\Java\bin;C:\Windows\system32;C:\Windows;C:\Python311\Scripts\;C:\Python311\;C:\Program Files (x86)\Common Files\Oracle\Java\javapath;C:\Program Files\Common Files\Oracle\Java\javapath;C:\Windows\system32;C:\Windows;C:\Windows\System32\Wbem;C:\Windows\System32\WindowsPowerShell\v1.0\;C:\Windows\System32\OpenSSH\;C:\Program Files\NVIDIA Corporation\NVIDIA NvDLISR;D:\dart_flutter\dart-sdk\bin;D:\dart_flutter\flutter\bin;C:\Program Files\Android\Android Studio\jre\bin;C:\Program Files\Android\Android Studio\jre;C:\Program Files\nodejs\;C:\ProgramData\chocolatey\bin;C:\Program Files\Git\cmd;C:\Program Files\MySQL\MySQL Shell 8.0\bin\;C:\Users\thiag\AppData\Local\Microsoft\WindowsApps;C:\Users\thiag\AppData\Local\Programs\Microsoft VS Code\bin;C:\Program Files\Java\jdk-19\bin;C:\Users\thiag\AppData\Roaming\npm;C:\Program Files\JetBrains\IntelliJ IDEA Community Edition 2022.3.2\bin;;;.]
22-Feb-2023 21:56:18.007 INFO [main] org.apache.coyote.AbstractProtocol.init Initializing ProtocolHandler ["http-nio-8080"]
22-Feb-2023 21:56:18.035 INFO [main] org.apache.catalina.startup.Catalina.load Server initialization in [583] milliseconds
22-Feb-2023 21:56:18.095 INFO [main] org.apache.catalina.core.StandardService.startInternal Starting service [Catalina]
22-Feb-2023 21:56:18.095 INFO [main] org.apache.catalina.core.StandardEngine.startInternal Starting Servlet engine: [Apache Tomcat/10.1.5]
22-Feb-2023 21:56:18.125 INFO [main] org.apache.catalina.startup.HostConfig.deployWAR Deploying web application archive [C:\Repositorio_crud_support\apache-tomcat-10.1.5-prod\webapps\crudsupport.war]
22-Feb-2023 21:56:19.031 INFO [main] org.apache.jasper.servlet.TldScanner.scanJars At least one JAR was scanned for TLDs yet contained no TLDs. Enable debug logging for this logger for a complete list of JARs that were scanned but no TLDs were found in them. Skipping unneeded JARs during scanning can improve startup time and JSP compilation time.
22-Feb-2023 21:56:19.108 INFO [main] org.apache.catalina.startup.HostConfig.deployWAR Deployment of web application archive [C:\Repositorio_crud_support\apache-tomcat-10.1.5-prod\webapps\crudsupport.war] has finished in [981] ms
22-Feb-2023 21:56:19.108 INFO [main] org.apache.catalina.startup.HostConfig.deployDirectory Diretório de instalação da aplicação web [C:\Repositorio_crud_support\apache-tomcat-10.1.5-prod\webapps\docs]
22-Feb-2023 21:56:19.497 INFO [main] org.apache.jasper.servlet.TldScanner.scanJars At least one JAR was scanned for TLDs yet contained no TLDs. Enable debug logging for this logger for a complete list of JARs that were scanned but no TLDs were found in them. Skipping unneeded JARs during scanning can improve startup time and JSP compilation time.
22-Feb-2023 21:56:19.502 INFO [main] org.apache.catalina.startup.HostConfig.deployDirectory Deployment of web application directory [C:\Repositorio_crud_support\apache-tomcat-10.1.5-prod\webapps\docs] has finished in [393] ms
22-Feb-2023 21:56:19.502 INFO [main] org.apache.catalina.startup.HostConfig.deployDirectory Diretório de instalação da aplicação web [C:\Repositorio_crud_support\apache-tomcat-10.1.5-prod\webapps\examples]
22-Feb-2023 21:56:20.336 INFO [main] org.apache.jasper.servlet.TldScanner.scanJars At least one JAR was scanned for TLDs yet contained no TLDs. Enable debug logging for this logger for a complete list of JARs that were scanned but no TLDs were found in them. Skipping unneeded JARs during scanning can improve startup time and JSP compilation time.
22-Feb-2023 21:56:20.425 INFO [main] org.apache.catalina.startup.HostConfig.deployDirectory Deployment of web application directory [C:\Repositorio_crud_support\apache-tomcat-10.1.5-prod\webapps\examples] has finished in [923] ms
22-Feb-2023 21:56:20.426 INFO [main] org.apache.catalina.startup.HostConfig.deployDirectory Diretório de instalação da aplicação web [C:\Repositorio_crud_support\apache-tomcat-10.1.5-prod\webapps\host-manager]
22-Feb-2023 21:56:20.826 INFO [main] org.apache.jasper.servlet.TldScanner.scanJars At least one JAR was scanned for TLDs yet contained no TLDs. Enable debug logging for this logger for a complete list of JARs that were scanned but no TLDs were found in them. Skipping unneeded JARs during scanning can improve startup time and JSP compilation time.
22-Feb-2023 21:56:20.834 INFO [main] org.apache.catalina.startup.HostConfig.deployDirectory Deployment of web application directory [C:\Repositorio_crud_support\apache-tomcat-10.1.5-prod\webapps\host-manager] has finished in [408] ms
22-Feb-2023 21:56:20.834 INFO [main] org.apache.catalina.startup.HostConfig.deployDirectory Diretório de instalação da aplicação web [C:\Repositorio_crud_support\apache-tomcat-10.1.5-prod\webapps\manager]
22-Feb-2023 21:56:21.268 INFO [main] org.apache.jasper.servlet.TldScanner.scanJars At least one JAR was scanned for TLDs yet contained no TLDs. Enable debug logging for this logger for a complete list of JARs that were scanned but no TLDs were found in them. Skipping unneeded JARs during scanning can improve startup time and JSP compilation time.
22-Feb-2023 21:56:21.271 INFO [main] org.apache.catalina.startup.HostConfig.deployDirectory Deployment of web application directory [C:\Repositorio_crud_support\apache-tomcat-10.1.5-prod\webapps\manager] has finished in [437] ms
22-Feb-2023 21:56:21.271 INFO [main] org.apache.catalina.startup.HostConfig.deployDirectory Diretório de instalação da aplicação web [C:\Repositorio_crud_support\apache-tomcat-10.1.5-prod\webapps\ROOT]
22-Feb-2023 21:56:21.606 INFO [main] org.apache.jasper.servlet.TldScanner.scanJars At least one JAR was scanned for TLDs yet contained no TLDs. Enable debug logging for this logger for a complete list of JARs that were scanned but no TLDs were found in them. Skipping unneeded JARs during scanning can improve startup time and JSP compilation time.
22-Feb-2023 21:56:21.610 INFO [main] org.apache.catalina.startup.HostConfig.deployDirectory Deployment of web application directory [C:\Repositorio_crud_support\apache-tomcat-10.1.5-prod\webapps\ROOT] has finished in [338] ms
22-Feb-2023 21:56:21.614 INFO [main] org.apache.coyote.AbstractProtocol.start Starting ProtocolHandler ["http-nio-8080"]
22-Feb-2023 21:56:21.662 INFO [main] org.apache.catalina.startup.Catalina.start Server startup in [3624] milliseconds
